kotlin version: 2.0.0
error message: java.lang.IllegalStateException: Unhandled operator compareTo
	at androidx.compose.compiler.plugins.kotlin.lower.IrSourcePrinterVisitor.visitCall(IrSourcePrinter.kt:365)
	at org.jetbrains.kotlin.ir.visitors.IrElementVisitorVoid$DefaultImpls.visitCall(IrElementVisitorVoid.kt:356)
	at androidx.compose.compiler.plugins.kotlin.lower.IrSourcePrinterVisitor.visitCall(IrSourcePrinter.kt:151)
	at androidx.compose.compiler.plugins.kotlin.lower.IrSourcePrinterVisitor.visitCall(IrSourcePrinter.kt:151)
	at org.jetbrains.kotlin.ir.expressions.IrCall.accept(IrCall.kt:24)
	at androidx.compose.compiler.plugins.kotlin.lower.IrSourcePrinterVisitor.print(IrSourcePrinter.kt:160)
	at androidx.compose.compiler.plugins.kotlin.lower.IrSourcePrinterVisitor.visitCall(IrSourcePrinter.kt:429)
	at org.jetbrains.kotlin.ir.visitors.IrElementVisitorVoid$DefaultImpls.visitCall(IrElementVisitorVoid.kt:356)
	at androidx.compose.compiler.plugins.kotlin.lower.IrSourcePrinterVisitor.visitCall(IrSourcePrinter.kt:151)
	at androidx.compose.compiler.plugins.kotlin.lower.IrSourcePrinterVisitor.visitCall(IrSourcePrinter.kt:151)
	at org.jetbrains.kotlin.ir.expressions.IrCall.accept(IrCall.kt:24)
	at androidx.compose.compiler.plugins.kotlin.lower.IrSourcePrinterVisitor.print(IrSourcePrinter.kt:160)
	at androidx.compose.compiler.plugins.kotlin.lower.IrSourcePrinterVisitor.visitWhen(IrSourcePrinter.kt:739)
	at org.jetbrains.kotlin.ir.visitors.IrElementVisitorVoid$DefaultImpls.visitWhen(IrElementVisitorVoid.kt:676)
	at androidx.compose.compiler.plugins.kotlin.lower.IrSourcePrinterVisitor.visitWhen(IrSourcePrinter.kt:151)
	at androidx.compose.compiler.plugins.kotlin.lower.IrSourcePrinterVisitor.visitWhen(IrSourcePrinter.kt:151)
	at org.jetbrains.kotlin.ir.expressions.IrWhen.accept(IrWhen.kt:24)
	at androidx.compose.compiler.plugins.kotlin.lower.IrSourcePrinterVisitor.print(IrSourcePrinter.kt:160)
	at androidx.compose.compiler.plugins.kotlin.lower.IrSourcePrinterVisitor.visitWhen(IrSourcePrinter.kt:760)
	at org.jetbrains.kotlin.ir.visitors.IrElementVisitorVoid$DefaultImpls.visitWhen(IrElementVisitorVoid.kt:676)
	at androidx.compose.compiler.plugins.kotlin.lower.IrSourcePrinterVisitor.visitWhen(IrSourcePrinter.kt:151)
	at androidx.compose.compiler.plugins.kotlin.lower.IrSourcePrinterVisitor.visitWhen(IrSourcePrinter.kt:151)
	at org.jetbrains.kotlin.ir.expressions.IrWhen.accept(IrWhen.kt:24)
	at androidx.compose.compiler.plugins.kotlin.lower.IrSourcePrinterVisitor.print(IrSourcePrinter.kt:160)
	at androidx.compose.compiler.plugins.kotlin.lower.IrSourcePrinterVisitor.printWithExplicitBlock(IrSourcePrinter.kt:599)
	at androidx.compose.compiler.plugins.kotlin.lower.IrSourcePrinterVisitor.printArgumentList(IrSourcePrinter.kt:577)
	at androidx.compose.compiler.plugins.kotlin.lower.IrSourcePrinterVisitor.printArgumentList$default(IrSourcePrinter.kt:515)
	at androidx.compose.compiler.plugins.kotlin.lower.IrSourcePrinterVisitor.visitCall(IrSourcePrinter.kt:484)
	at org.jetbrains.kotlin.ir.visitors.IrElementVisitorVoid$DefaultImpls.visitCall(IrElementVisitorVoid.kt:356)
	at androidx.compose.compiler.plugins.kotlin.lower.IrSourcePrinterVisitor.visitCall(IrSourcePrinter.kt:151)
	at androidx.compose.compiler.plugins.kotlin.lower.IrSourcePrinterVisitor.visitCall(IrSourcePrinter.kt:151)
	at org.jetbrains.kotlin.ir.expressions.IrCall.accept(IrCall.kt:24)
	at androidx.compose.compiler.plugins.kotlin.lower.IrSourcePrinterVisitor.print(IrSourcePrinter.kt:160)
	at androidx.compose.compiler.plugins.kotlin.lower.IrSourcePrinterVisitor.printExplicitReceiver(IrSourcePrinter.kt:507)
	at androidx.compose.compiler.plugins.kotlin.lower.IrSourcePrinterVisitor.visitCall(IrSourcePrinter.kt:471)
	at org.jetbrains.kotlin.ir.visitors.IrElementVisitorVoid$DefaultImpls.visitCall(IrElementVisitorVoid.kt:356)
	at androidx.compose.compiler.plugins.kotlin.lower.IrSourcePrinterVisitor.visitCall(IrSourcePrinter.kt:151)
	at androidx.compose.compiler.plugins.kotlin.lower.IrSourcePrinterVisitor.visitCall(IrSourcePrinter.kt:151)
	at org.jetbrains.kotlin.ir.expressions.IrCall.accept(IrCall.kt:24)
	at androidx.compose.compiler.plugins.kotlin.lower.IrSourcePrinterVisitor.print(IrSourcePrinter.kt:160)
	at androidx.compose.compiler.plugins.kotlin.lower.IrSourcePrinterVisitor.printArgumentList(IrSourcePrinter.kt:558)
	at androidx.compose.compiler.plugins.kotlin.lower.IrSourcePrinterVisitor.printArgumentList$default(IrSourcePrinter.kt:515)
	at androidx.compose.compiler.plugins.kotlin.lower.IrSourcePrinterVisitor.visitCall(IrSourcePrinter.kt:484)
	at org.jetbrains.kotlin.ir.visitors.IrElementVisitorVoid$DefaultImpls.visitCall(IrElementVisitorVoid.kt:356)
	at androidx.compose.compiler.plugins.kotlin.lower.IrSourcePrinterVisitor.visitCall(IrSourcePrinter.kt:151)
	at androidx.compose.compiler.plugins.kotlin.lower.IrSourcePrinterVisitor.visitCall(IrSourcePrinter.kt:151)
	at org.jetbrains.kotlin.ir.expressions.IrCall.accept(IrCall.kt:24)
	at androidx.compose.compiler.plugins.kotlin.lower.IrSourcePrinterVisitor.print(IrSourcePrinter.kt:160)
	at androidx.compose.compiler.plugins.kotlin.lower.IrSourcePrinterVisitor.printWithExplicitBlock(IrSourcePrinter.kt:599)
	at androidx.compose.compiler.plugins.kotlin.lower.IrSourcePrinterVisitor.visitVariable(IrSourcePrinter.kt:945)
	at org.jetbrains.kotlin.ir.visitors.IrElementVisitorVoid$DefaultImpls.visitVariable(IrElementVisitorVoid.kt:156)
	at androidx.compose.compiler.plugins.kotlin.lower.IrSourcePrinterVisitor.visitVariable(IrSourcePrinter.kt:151)
	at androidx.compose.compiler.plugins.kotlin.lower.IrSourcePrinterVisitor.visitVariable(IrSourcePrinter.kt:151)
	at org.jetbrains.kotlin.ir.declarations.IrVariable.accept(IrVariable.kt:36)
	at androidx.compose.compiler.plugins.kotlin.lower.IrSourcePrinterVisitor.print(IrSourcePrinter.kt:160)
	at androidx.compose.compiler.plugins.kotlin.lower.IrSourcePrinterVisitor.printJoin(IrSourcePrinter.kt:195)
	at androidx.compose.compiler.plugins.kotlin.lower.IrSourcePrinterVisitor.visitBlockBody(IrSourcePrinter.kt:1126)
	at org.jetbrains.kotlin.ir.visitors.IrElementVisitorVoid$DefaultImpls.visitBlockBody(IrElementVisitorVoid.kt:212)
	at androidx.compose.compiler.plugins.kotlin.lower.IrSourcePrinterVisitor.visitBlockBody(IrSourcePrinter.kt:151)
	at androidx.compose.compiler.plugins.kotlin.lower.IrSourcePrinterVisitor.visitBlockBody(IrSourcePrinter.kt:151)
	at org.jetbrains.kotlin.ir.expressions.IrBlockBody.accept(IrBlockBody.kt:20)
	at androidx.compose.compiler.plugins.kotlin.lower.IrSourcePrinterVisitor.print(IrSourcePrinter.kt:160)
	at androidx.compose.compiler.plugins.kotlin.lower.IrSourcePrinterVisitor.printAsLambda(IrSourcePrinter.kt:619)
	at androidx.compose.compiler.plugins.kotlin.lower.IrSourcePrinterVisitor.visitFunctionExpression(IrSourcePrinter.kt:604)
	at org.jetbrains.kotlin.ir.visitors.IrElementVisitorVoid$DefaultImpls.visitFunctionExpression(IrElementVisitorVoid.kt:524)
	at androidx.compose.compiler.plugins.kotlin.lower.IrSourcePrinterVisitor.visitFunctionExpression(IrSourcePrinter.kt:151)
	at androidx.compose.compiler.plugins.kotlin.lower.IrSourcePrinterVisitor.visitFunctionExpression(IrSourcePrinter.kt:151)
	at org.jetbrains.kotlin.ir.expressions.IrFunctionExpression.accept(IrFunctionExpression.kt:24)
	at androidx.compose.compiler.plugins.kotlin.FunctionMetricsImpl$Param.print(BuildMetrics.kt:501)
	at androidx.compose.compiler.plugins.kotlin.FunctionMetricsImpl.print(BuildMetrics.kt:576)
	at androidx.compose.compiler.plugins.kotlin.ModuleMetricsImpl.appendComposablesTxt(BuildMetrics.kt:407)
	at androidx.compose.compiler.plugins.kotlin.ModuleMetricsImpl.saveReportsTo$lambda$6(BuildMetrics.kt:440)
	at androidx.compose.compiler.plugins.kotlin.JsonBuilderKt.write(JsonBuilder.kt:94)
	at androidx.compose.compiler.plugins.kotlin.ModuleMetricsImpl.saveReportsTo(BuildMetrics.kt:439)
	at androidx.compose.compiler.plugins.kotlin.ComposeIrGenerationExtension.generate(ComposeIrGenerationExtension.kt:279)
	at org.jetbrains.kotlin.fir.pipeline.ConvertToIrKt.applyIrGenerationExtensions(convertToIr.kt:260)
	at org.jetbrains.kotlin.fir.pipeline.ConvertToIrKt.convertToIrAndActualize(convertToIr.kt:139)
	at org.jetbrains.kotlin.fir.pipeline.ConvertToIrKt.convertToIrAndActualize$default(convertToIr.kt:65)
	at org.jetbrains.kotlin.cli.jvm.compiler.pipeline.JvmCompilerPipelineKt.convertToIrAndActualizeForJvm(jvmCompilerPipeline.kt:193)
	at org.jetbrains.kotlin.cli.jvm.compiler.pipeline.JvmCompilerPipelineKt.convertAnalyzedFirToIr(jvmCompilerPipeline.kt:167)
	at org.jetbrains.kotlin.cli.jvm.compiler.pipeline.JvmCompilerPipelineKt.compileModulesUsingFrontendIrAndLightTree(jvmCompilerPipeline.kt:138)
	at org.jetbrains.kotlin.cli.jvm.K2JVMCompiler.doExecute(K2JVMCompiler.kt:155)
	at org.jetbrains.kotlin.cli.jvm.K2JVMCompiler.doExecute(K2JVMCompiler.kt:50)
	at org.jetbrains.kotlin.cli.common.CLICompiler.execImpl(CLICompiler.kt:104)
	at org.jetbrains.kotlin.cli.common.CLICompiler.execImpl(CLICompiler.kt:48)
	at org.jetbrains.kotlin.cli.common.CLITool.exec(CLITool.kt:101)
	at org.jetbrains.kotlin.incremental.IncrementalJvmCompilerRunner.runCompiler(IncrementalJvmCompilerRunner.kt:453)
	at org.jetbrains.kotlin.incremental.IncrementalJvmCompilerRunner.runCompiler(IncrementalJvmCompilerRunner.kt:62)
	at org.jetbrains.kotlin.incremental.IncrementalCompilerRunner.doCompile(IncrementalCompilerRunner.kt:506)
	at org.jetbrains.kotlin.incremental.IncrementalCompilerRunner.compileImpl(IncrementalCompilerRunner.kt:423)
	at org.jetbrains.kotlin.incremental.IncrementalCompilerRunner.compileNonIncrementally(IncrementalCompilerRunner.kt:301)
	at org.jetbrains.kotlin.incremental.IncrementalCompilerRunner.compile(IncrementalCompilerRunner.kt:129)
	at org.jetbrains.kotlin.daemon.CompileServiceImplBase.execIncrementalCompiler(CompileServiceImpl.kt:676)
	at org.jetbrains.kotlin.daemon.CompileServiceImplBase.access$execIncrementalCompiler(CompileServiceImpl.kt:92)
	at org.jetbrains.kotlin.daemon.CompileServiceImpl.compile(CompileServiceImpl.kt:1661)
	at java.base/jdk.internal.reflect.NativeMethodAccessorImpl.invoke0(Native Method)
	at java.base/jdk.internal.reflect.NativeMethodAccessorImpl.invoke(NativeMethodAccessorImpl.java:77)
	at java.base/jdk.internal.reflect.DelegatingMethodAccessorImpl.invoke(DelegatingMethodAccessorImpl.java:43)
	at java.base/java.lang.reflect.Method.invoke(Method.java:568)
	at java.rmi/sun.rmi.server.UnicastServerRef.dispatch(UnicastServerRef.java:360)
	at java.rmi/sun.rmi.transport.Transport$1.run(Transport.java:200)
	at java.rmi/sun.rmi.transport.Transport$1.run(Transport.java:197)
	at java.base/java.security.AccessController.doPrivileged(AccessController.java:712)
	at java.rmi/sun.rmi.transport.Transport.serviceCall(Transport.java:196)
	at java.rmi/sun.rmi.transport.tcp.TCPTransport.handleMessages(TCPTransport.java:587)
	at java.rmi/sun.rmi.transport.tcp.TCPTransport$ConnectionHandler.run0(TCPTransport.java:828)
	at java.rmi/sun.rmi.transport.tcp.TCPTransport$ConnectionHandler.lambda$run$0(TCPTransport.java:705)
	at java.base/java.security.AccessController.doPrivileged(AccessController.java:399)
	at java.rmi/sun.rmi.transport.tcp.TCPTransport$ConnectionHandler.run(TCPTransport.java:704)
	at java.base/java.util.concurrent.ThreadPoolExecutor.runWorker(ThreadPoolExecutor.java:1136)
	at java.base/java.util.concurrent.ThreadPoolExecutor$Worker.run(ThreadPoolExecutor.java:635)
	at java.base/java.lang.Thread.run(Thread.java:840)


